BCI 2026 single missing-experiment launcher
configuration=45_depth11
description=45 digits, depth 11, 10000 seconds (recovered original settings)
start_utc=2026-07-16T09:56:29+00:00
root=/home/netnick/kubuntu_rerun
python=python3
max_concurrent_tasks=1
run_directory=/home/netnick/kubuntu_rerun/output/run_45_depth11_20260716T095629Z_pid3438
Python 3.12.3
Required modules imported successfully
test_bfs_matches_legacy_interval_sequence (test_streaming_refactor.StreamingRefactorTests.test_bfs_matches_legacy_interval_sequence) ... ok
test_level_only_matches_bfs_level_slice (test_streaming_refactor.StreamingRefactorTests.test_level_only_matches_bfs_level_slice) ... ok
test_unique_fraction_stream_matches_legacy_first_seen (test_streaming_refactor.StreamingRefactorTests.test_unique_fraction_stream_matches_legacy_first_seen) ... ok

----------------------------------------------------------------------
Ran 3 tests in 0.024s

OK

============================================================
Starting 45 digits, depth 11, 10000 seconds (recovered original settings) at 2026-07-16T09:56:30+00:00
parameters=/home/netnick/kubuntu_rerun/input/param_dig.45.recovered.txt
parameter_id=3
prime_pairs=/home/netnick/kubuntu_rerun/input/s_p.45.txt
output=/home/netnick/kubuntu_rerun/output/run_45_depth11_20260716T095629Z_pid3438/exp_45_depth_11
============================================================
Starting experiment id=3 (5 pairs, at most 1 concurrent) params=Nmin:1 Mmax:300 W:1 depth:11 timelimit_sec:10000
Exp id=3, s=13943970587576385622303, Start time=2026-07-16 11:56:30
HEARTBEAT run_id=3:13943970587576385622303:69936377362982717948311 elapsed=1.115s frac=1583/1765 level=11 fractions_tested=10000
HEARTBEAT run_id=3:13943970587576385622303:69936377362982717948311 elapsed=2.226s frac=1732/1957 level=11 fractions_tested=20000
HEARTBEAT run_id=3:13943970587576385622303:69936377362982717948311 elapsed=3.489s frac=3733/4246 level=11 fractions_tested=30000
HEARTBEAT run_id=3:13943970587576385622303:69936377362982717948311 elapsed=4.707s frac=1795/2063 level=11 fractions_tested=40000
HEARTBEAT run_id=3:13943970587576385622303:69936377362982717948311 elapsed=5.864s frac=3592/4149 level=11 fractions_tested=50000
HEARTBEAT run_id=3:13943970587576385622303:69936377362982717948311 elapsed=7.044s frac=3923/4548 level=11 fractions_tested=60000
HEARTBEAT run_id=3:13943970587576385622303:69936377362982717948311 elapsed=8.345s frac=4181/4903 level=11 fractions_tested=70000
HEARTBEAT run_id=3:13943970587576385622303:69936377362982717948311 elapsed=9.646s frac=1772/2083 level=11 fractions_tested=80000
HEARTBEAT run_id=3:13943970587576385622303:69936377362982717948311 elapsed=10.920s frac=2517/2966 level=11 fractions_tested=90000
HEARTBEAT run_id=3:13943970587576385622303:69936377362982717948311 elapsed=12.179s frac=3727/4411 level=11 fractions_tested=100000
HEARTBEAT run_id=3:13943970587576385622303:69936377362982717948311 elapsed=13.316s frac=7354/8721 level=11 fractions_tested=110000
HEARTBEAT run_id=3:13943970587576385622303:69936377362982717948311 elapsed=14.725s frac=3889/4626 level=11 fractions_tested=120000
HEARTBEAT run_id=3:13943970587576385622303:69936377362982717948311 elapsed=16.172s frac=1719/2053 level=11 fractions_tested=130000
HEARTBEAT run_id=3:13943970587576385622303:69936377362982717948311 elapsed=17.444s frac=4192/5067 level=11 fractions_tested=140000
HEARTBEAT run_id=3:13943970587576385622303:69936377362982717948311 elapsed=18.584s frac=5011/6070 level=11 fractions_tested=150000
HEARTBEAT run_id=3:13943970587576385622303:69936377362982717948311 elapsed=19.681s frac=1663/2017 level=11 fractions_tested=160000
HEARTBEAT run_id=3:13943970587576385622303:69936377362982717948311 elapsed=20.989s frac=2700/3283 level=11 fractions_tested=170000
HEARTBEAT run_id=3:13943970587576385622303:69936377362982717948311 elapsed=22.273s frac=2547/3100 level=11 fractions_tested=180000
HEARTBEAT run_id=3:13943970587576385622303:69936377362982717948311 elapsed=23.411s frac=6353/7745 level=11 fractions_tested=190000
HEARTBEAT run_id=3:13943970587576385622303:69936377362982717948311 elapsed=24.506s frac=3608/4419 level=11 fractions_tested=200000
HEARTBEAT run_id=3:13943970587576385622303:69936377362982717948311 elapsed=25.593s frac=7119/8732 level=11 fractions_tested=210000
HEARTBEAT run_id=3:13943970587576385622303:69936377362982717948311 elapsed=26.692s frac=7279/8941 level=11 fractions_tested=220000
HEARTBEAT run_id=3:13943970587576385622303:69936377362982717948311 elapsed=27.896s frac=3672/4523 level=11 fractions_tested=230000
HEARTBEAT run_id=3:13943970587576385622303:69936377362982717948311 elapsed=29.273s frac=3631/4480 level=11 fractions_tested=240000
HEARTBEAT run_id=3:13943970587576385622303:69936377362982717948311 elapsed=30.596s frac=3435/4249 level=11 fractions_tested=250000
HEARTBEAT run_id=3:13943970587576385622303:69936377362982717948311 elapsed=31.795s frac=1696/2105 level=11 fractions_tested=260000
HEARTBEAT run_id=3:13943970587576385622303:69936377362982717948311 elapsed=32.995s frac=4081/5144 level=11 fractions_tested=270000
HEARTBEAT run_id=3:13943970587576385622303:69936377362982717948311 elapsed=34.298s frac=3897/4925 level=11 fractions_tested=280000
HEARTBEAT run_id=3:13943970587576385622303:69936377362982717948311 elapsed=35.412s frac=8074/10215 level=11 fractions_tested=290000
HEARTBEAT run_id=3:13943970587576385622303:69936377362982717948311 elapsed=36.567s frac=4773/6052 level=11 fractions_tested=300000
HEARTBEAT run_id=3:13943970587576385622303:69936377362982717948311 elapsed=37.686s frac=7349/9325 level=11 fractions_tested=310000
HEARTBEAT run_id=3:13943970587576385622303:69936377362982717948311 elapsed=38.867s frac=1468/1865 level=11 fractions_tested=320000
HEARTBEAT run_id=3:13943970587576385622303:69936377362982717948311 elapsed=39.980s frac=4729/6026 level=11 fractions_tested=330000
HEARTBEAT run_id=3:13943970587576385622303:69936377362982717948311 elapsed=41.076s frac=2629/3353 level=11 fractions_tested=340000
HEARTBEAT run_id=3:13943970587576385622303:69936377362982717948311 elapsed=42.159s frac=11342/14477 level=11 fractions_tested=350000
HEARTBEAT run_id=3:13943970587576385622303:69936377362982717948311 elapsed=43.237s frac=2369/3026 level=11 fractions_tested=360000
HEARTBEAT run_id=3:13943970587576385622303:69936377362982717948311 elapsed=44.336s frac=12663/16199 level=11 fractions_tested=370000
HEARTBEAT run_id=3:13943970587576385622303:69936377362982717948311 elapsed=45.461s frac=6048/7745 level=11 fractions_tested=380000
HEARTBEAT run_id=3:13943970587576385622303:69936377362982717948311 elapsed=46.661s frac=5161/6618 level=11 fractions_tested=390000
HEARTBEAT run_id=3:13943970587576385622303:69936377362982717948311 elapsed=47.772s frac=3235/4173 level=11 fractions_tested=400000
HEARTBEAT run_id=3:13943970587576385622303:69936377362982717948311 elapsed=48.915s frac=4422/5713 level=11 fractions_tested=410000
HEARTBEAT run_id=3:13943970587576385622303:69936377362982717948311 elapsed=50.040s frac=6769/8752 level=11 fractions_tested=420000
HEARTBEAT run_id=3:13943970587576385622303:69936377362982717948311 elapsed=51.130s frac=5057/6549 level=11 fractions_tested=430000
HEARTBEAT run_id=3:13943970587576385622303:69936377362982717948311 elapsed=52.254s frac=6614/8571 level=11 fractions_tested=440000
HEARTBEAT run_id=3:13943970587576385622303:69936377362982717948311 elapsed=53.358s frac=6667/8648 level=11 fractions_tested=450000
HEARTBEAT run_id=3:13943970587576385622303:69936377362982717948311 elapsed=54.456s frac=3421/4453 level=11 fractions_tested=460000
HEARTBEAT run_id=3:13943970587576385622303:69936377362982717948311 elapsed=55.574s frac=4650/6061 level=11 fractions_tested=470000
HEARTBEAT run_id=3:13943970587576385622303:69936377362982717948311 elapsed=56.673s frac=3149/4110 level=11 fractions_tested=480000
HEARTBEAT run_id=3:13943970587576385622303:69936377362982717948311 elapsed=57.765s frac=3177/4151 level=11 fractions_tested=490000
HEARTBEAT run_id=3:13943970587576385622303:69936377362982717948311 elapsed=58.898s frac=3236/4241 level=11 fractions_tested=500000
HEARTBEAT run_id=3:13943970587576385622303:69936377362982717948311 elapsed=60.011s frac=2865/3764 level=11 fractions_tested=510000
HEARTBEAT run_id=3:13943970587576385622303:69936377362982717948311 elapsed=61.134s frac=1523/2007 level=11 fractions_tested=520000
HEARTBEAT run_id=3:13943970587576385622303:69936377362982717948311 elapsed=72.875s frac=4374/5899 level=11 fractions_tested=530000
HEARTBEAT run_id=3:13943970587576385622303:69936377362982717948311 elapsed=117.944s frac=3671/4964 level=11 fractions_tested=540000
HEARTBEAT run_id=3:13943970587576385622303:69936377362982717948311 elapsed=183.635s frac=6093/8257 level=11 fractions_tested=550000
HEARTBEAT run_id=3:13943970587576385622303:69936377362982717948311 elapsed=254.739s frac=3296/4477 level=11 fractions_tested=560000
HEARTBEAT run_id=3:13943970587576385622303:69936377362982717948311 elapsed=362.780s frac=9111/12386 level=11 fractions_tested=570000
HEARTBEAT run_id=3:13943970587576385622303:69936377362982717948311 elapsed=472.845s frac=7277/9903 level=11 fractions_tested=580000
HEARTBEAT run_id=3:13943970587576385622303:69936377362982717948311 elapsed=566.352s frac=2362/3223 level=11 fractions_tested=590000
HEARTBEAT run_id=3:13943970587576385622303:69936377362982717948311 elapsed=691.180s frac=4095/5594 level=11 fractions_tested=600000
HEARTBEAT run_id=3:13943970587576385622303:69936377362982717948311 elapsed=853.990s frac=10015/13691 level=11 fractions_tested=610000
HEARTBEAT run_id=3:13943970587576385622303:69936377362982717948311 elapsed=1036.861s frac=6496/8885 level=11 fractions_tested=620000
HEARTBEAT run_id=3:13943970587576385622303:69936377362982717948311 elapsed=1189.999s frac=7625/10442 level=11 fractions_tested=630000
HEARTBEAT run_id=3:13943970587576385622303:69936377362982717948311 elapsed=1466.611s frac=1187/1627 level=11 fractions_tested=640000
HEARTBEAT run_id=3:13943970587576385622303:69936377362982717948311 elapsed=1732.554s frac=5924/8127 level=11 fractions_tested=650000
HEARTBEAT run_id=3:13943970587576385622303:69936377362982717948311 elapsed=1910.521s frac=4247/5852 level=11 fractions_tested=660000
HEARTBEAT run_id=3:13943970587576385622303:69936377362982717948311 elapsed=2243.383s frac=9193/12677 level=11 fractions_tested=670000
HEARTBEAT run_id=3:13943970587576385622303:69936377362982717948311 elapsed=2640.749s frac=2276/3141 level=11 fractions_tested=680000
HEARTBEAT run_id=3:13943970587576385622303:69936377362982717948311 elapsed=2998.529s frac=8125/11224 level=11 fractions_tested=690000
HEARTBEAT run_id=3:13943970587576385622303:69936377362982717948311 elapsed=3494.330s frac=9995/13813 level=11 fractions_tested=700000
HEARTBEAT run_id=3:13943970587576385622303:69936377362982717948311 elapsed=3951.898s frac=15092/20869 level=11 fractions_tested=710000
HEARTBEAT run_id=3:13943970587576385622303:69936377362982717948311 elapsed=4339.002s frac=1983/2744 level=11 fractions_tested=720000
HEARTBEAT run_id=3:13943970587576385622303:69936377362982717948311 elapsed=4671.181s frac=7581/10511 level=11 fractions_tested=730000
HEARTBEAT run_id=3:13943970587576385622303:69936377362982717948311 elapsed=5134.171s frac=11210/15553 level=11 fractions_tested=740000
HEARTBEAT run_id=3:13943970587576385622303:69936377362982717948311 elapsed=5640.292s frac=9041/12550 level=11 fractions_tested=750000
HEARTBEAT run_id=3:13943970587576385622303:69936377362982717948311 elapsed=6013.376s frac=5133/7135 level=11 fractions_tested=760000
HEARTBEAT run_id=3:13943970587576385622303:69936377362982717948311 elapsed=6438.637s frac=1910/2657 level=11 fractions_tested=770000
HEARTBEAT run_id=3:13943970587576385622303:69936377362982717948311 elapsed=6782.456s frac=4487/6252 level=11 fractions_tested=780000
HEARTBEAT run_id=3:13943970587576385622303:69936377362982717948311 elapsed=6994.914s frac=2769/3893 level=11 fractions_tested=790000
HEARTBEAT run_id=3:13943970587576385622303:69936377362982717948311 elapsed=7394.457s frac=2608/3673 level=11 fractions_tested=800000
HEARTBEAT run_id=3:13943970587576385622303:69936377362982717948311 elapsed=7912.104s frac=3631/5120 level=11 fractions_tested=810000
HEARTBEAT run_id=3:13943970587576385622303:69936377362982717948311 elapsed=8402.550s frac=3861/5453 level=11 fractions_tested=820000
HEARTBEAT run_id=3:13943970587576385622303:69936377362982717948311 elapsed=9053.509s frac=11908/16829 level=11 fractions_tested=830000
HEARTBEAT run_id=3:13943970587576385622303:69936377362982717948311 elapsed=9698.820s frac=5679/8032 level=11 fractions_tested=840000
Exp id=3, s=13943970587576385622303, End time=2026-07-16 14:43:10, run time=10000.363s
Exp id=3, s=13498407229129051694867, Start time=2026-07-16 14:43:10
HEARTBEAT run_id=3:13498407229129051694867:70828384817739008470523 elapsed=2.339s frac=1583/1765 level=11 fractions_tested=10000
HEARTBEAT run_id=3:13498407229129051694867:70828384817739008470523 elapsed=4.662s frac=1732/1957 level=11 fractions_tested=20000
HEARTBEAT run_id=3:13498407229129051694867:70828384817739008470523 elapsed=6.978s frac=3733/4246 level=11 fractions_tested=30000
HEARTBEAT run_id=3:13498407229129051694867:70828384817739008470523 elapsed=9.281s frac=1795/2063 level=11 fractions_tested=40000
HEARTBEAT run_id=3:13498407229129051694867:70828384817739008470523 elapsed=11.605s frac=3592/4149 level=11 fractions_tested=50000
HEARTBEAT run_id=3:13498407229129051694867:70828384817739008470523 elapsed=13.907s frac=3923/4548 level=11 fractions_tested=60000
HEARTBEAT run_id=3:13498407229129051694867:70828384817739008470523 elapsed=16.215s frac=4181/4903 level=11 fractions_tested=70000
HEARTBEAT run_id=3:13498407229129051694867:70828384817739008470523 elapsed=18.525s frac=1772/2083 level=11 fractions_tested=80000
HEARTBEAT run_id=3:13498407229129051694867:70828384817739008470523 elapsed=20.849s frac=2517/2966 level=11 fractions_tested=90000
HEARTBEAT run_id=3:13498407229129051694867:70828384817739008470523 elapsed=23.173s frac=3727/4411 level=11 fractions_tested=100000
HEARTBEAT run_id=3:13498407229129051694867:70828384817739008470523 elapsed=25.530s frac=7354/8721 level=11 fractions_tested=110000
HEARTBEAT run_id=3:13498407229129051694867:70828384817739008470523 elapsed=27.842s frac=3889/4626 level=11 fractions_tested=120000
HEARTBEAT run_id=3:13498407229129051694867:70828384817739008470523 elapsed=30.140s frac=1719/2053 level=11 fractions_tested=130000
HEARTBEAT run_id=3:13498407229129051694867:70828384817739008470523 elapsed=32.450s frac=4192/5067 level=11 fractions_tested=140000
HEARTBEAT run_id=3:13498407229129051694867:70828384817739008470523 elapsed=34.772s frac=5011/6070 level=11 fractions_tested=150000
HEARTBEAT run_id=3:13498407229129051694867:70828384817739008470523 elapsed=37.109s frac=1663/2017 level=11 fractions_tested=160000
HEARTBEAT run_id=3:13498407229129051694867:70828384817739008470523 elapsed=39.438s frac=2700/3283 level=11 fractions_tested=170000
HEARTBEAT run_id=3:13498407229129051694867:70828384817739008470523 elapsed=41.768s frac=2547/3100 level=11 fractions_tested=180000
HEARTBEAT run_id=3:13498407229129051694867:70828384817739008470523 elapsed=44.090s frac=6353/7745 level=11 fractions_tested=190000
HEARTBEAT run_id=3:13498407229129051694867:70828384817739008470523 elapsed=46.417s frac=3608/4419 level=11 fractions_tested=200000
HEARTBEAT run_id=3:13498407229129051694867:70828384817739008470523 elapsed=48.749s frac=7119/8732 level=11 fractions_tested=210000
HEARTBEAT run_id=3:13498407229129051694867:70828384817739008470523 elapsed=51.079s frac=7279/8941 level=11 fractions_tested=220000
HEARTBEAT run_id=3:13498407229129051694867:70828384817739008470523 elapsed=53.411s frac=3672/4523 level=11 fractions_tested=230000
HEARTBEAT run_id=3:13498407229129051694867:70828384817739008470523 elapsed=55.748s frac=3631/4480 level=11 fractions_tested=240000
HEARTBEAT run_id=3:13498407229129051694867:70828384817739008470523 elapsed=58.074s frac=3435/4249 level=11 fractions_tested=250000
HEARTBEAT run_id=3:13498407229129051694867:70828384817739008470523 elapsed=60.404s frac=1696/2105 level=11 fractions_tested=260000
HEARTBEAT run_id=3:13498407229129051694867:70828384817739008470523 elapsed=62.731s frac=4081/5144 level=11 fractions_tested=270000
HEARTBEAT run_id=3:13498407229129051694867:70828384817739008470523 elapsed=65.066s frac=3897/4925 level=11 fractions_tested=280000
HEARTBEAT run_id=3:13498407229129051694867:70828384817739008470523 elapsed=67.400s frac=8074/10215 level=11 fractions_tested=290000
HEARTBEAT run_id=3:13498407229129051694867:70828384817739008470523 elapsed=69.787s frac=4773/6052 level=11 fractions_tested=300000
HEARTBEAT run_id=3:13498407229129051694867:70828384817739008470523 elapsed=72.123s frac=7349/9325 level=11 fractions_tested=310000
HEARTBEAT run_id=3:13498407229129051694867:70828384817739008470523 elapsed=74.484s frac=1468/1865 level=11 fractions_tested=320000
HEARTBEAT run_id=3:13498407229129051694867:70828384817739008470523 elapsed=76.966s frac=4729/6026 level=11 fractions_tested=330000
HEARTBEAT run_id=3:13498407229129051694867:70828384817739008470523 elapsed=79.608s frac=2629/3353 level=11 fractions_tested=340000
HEARTBEAT run_id=3:13498407229129051694867:70828384817739008470523 elapsed=82.149s frac=11342/14477 level=11 fractions_tested=350000
HEARTBEAT run_id=3:13498407229129051694867:70828384817739008470523 elapsed=84.657s frac=2369/3026 level=11 fractions_tested=360000
HEARTBEAT run_id=3:13498407229129051694867:70828384817739008470523 elapsed=87.290s frac=12663/16199 level=11 fractions_tested=370000
HEARTBEAT run_id=3:13498407229129051694867:70828384817739008470523 elapsed=89.834s frac=6048/7745 level=11 fractions_tested=380000
HEARTBEAT run_id=3:13498407229129051694867:70828384817739008470523 elapsed=92.178s frac=5161/6618 level=11 fractions_tested=390000
HEARTBEAT run_id=3:13498407229129051694867:70828384817739008470523 elapsed=94.509s frac=3235/4173 level=11 fractions_tested=400000
HEARTBEAT run_id=3:13498407229129051694867:70828384817739008470523 elapsed=96.834s frac=4422/5713 level=11 fractions_tested=410000
HEARTBEAT run_id=3:13498407229129051694867:70828384817739008470523 elapsed=99.183s frac=6769/8752 level=11 fractions_tested=420000
HEARTBEAT run_id=3:13498407229129051694867:70828384817739008470523 elapsed=101.523s frac=5057/6549 level=11 fractions_tested=430000
HEARTBEAT run_id=3:13498407229129051694867:70828384817739008470523 elapsed=103.870s frac=6614/8571 level=11 fractions_tested=440000
HEARTBEAT run_id=3:13498407229129051694867:70828384817739008470523 elapsed=106.513s frac=6667/8648 level=11 fractions_tested=450000
HEARTBEAT run_id=3:13498407229129051694867:70828384817739008470523 elapsed=109.145s frac=3421/4453 level=11 fractions_tested=460000
HEARTBEAT run_id=3:13498407229129051694867:70828384817739008470523 elapsed=111.534s frac=4650/6061 level=11 fractions_tested=470000
HEARTBEAT run_id=3:13498407229129051694867:70828384817739008470523 elapsed=114.051s frac=3149/4110 level=11 fractions_tested=480000
HEARTBEAT run_id=3:13498407229129051694867:70828384817739008470523 elapsed=116.879s frac=3177/4151 level=11 fractions_tested=490000
HEARTBEAT run_id=3:13498407229129051694867:70828384817739008470523 elapsed=119.739s frac=3236/4241 level=11 fractions_tested=500000
HEARTBEAT run_id=3:13498407229129051694867:70828384817739008470523 elapsed=122.315s frac=2865/3764 level=11 fractions_tested=510000
HEARTBEAT run_id=3:13498407229129051694867:70828384817739008470523 elapsed=124.642s frac=1523/2007 level=11 fractions_tested=520000
HEARTBEAT run_id=3:13498407229129051694867:70828384817739008470523 elapsed=145.789s frac=4374/5899 level=11 fractions_tested=530000
HEARTBEAT run_id=3:13498407229129051694867:70828384817739008470523 elapsed=221.533s frac=3671/4964 level=11 fractions_tested=540000
HEARTBEAT run_id=3:13498407229129051694867:70828384817739008470523 elapsed=356.994s frac=6093/8257 level=11 fractions_tested=550000
HEARTBEAT run_id=3:13498407229129051694867:70828384817739008470523 elapsed=475.522s frac=3296/4477 level=11 fractions_tested=560000
HEARTBEAT run_id=3:13498407229129051694867:70828384817739008470523 elapsed=661.531s frac=9111/12386 level=11 fractions_tested=570000
HEARTBEAT run_id=3:13498407229129051694867:70828384817739008470523 elapsed=860.820s frac=7277/9903 level=11 fractions_tested=580000
HEARTBEAT run_id=3:13498407229129051694867:70828384817739008470523 elapsed=1025.653s frac=2362/3223 level=11 fractions_tested=590000
HEARTBEAT run_id=3:13498407229129051694867:70828384817739008470523 elapsed=1236.883s frac=4095/5594 level=11 fractions_tested=600000
HEARTBEAT run_id=3:13498407229129051694867:70828384817739008470523 elapsed=1441.888s frac=10015/13691 level=11 fractions_tested=610000
HEARTBEAT run_id=3:13498407229129051694867:70828384817739008470523 elapsed=1625.764s frac=6496/8885 level=11 fractions_tested=620000
HEARTBEAT run_id=3:13498407229129051694867:70828384817739008470523 elapsed=1779.847s frac=7625/10442 level=11 fractions_tested=630000
HEARTBEAT run_id=3:13498407229129051694867:70828384817739008470523 elapsed=1948.660s frac=1187/1627 level=11 fractions_tested=640000
HEARTBEAT run_id=3:13498407229129051694867:70828384817739008470523 elapsed=2109.223s frac=5924/8127 level=11 fractions_tested=650000
HEARTBEAT run_id=3:13498407229129051694867:70828384817739008470523 elapsed=2215.357s frac=4247/5852 level=11 fractions_tested=660000
HEARTBEAT run_id=3:13498407229129051694867:70828384817739008470523 elapsed=2415.507s frac=9193/12677 level=11 fractions_tested=670000
HEARTBEAT run_id=3:13498407229129051694867:70828384817739008470523 elapsed=2643.243s frac=2276/3141 level=11 fractions_tested=680000
HEARTBEAT run_id=3:13498407229129051694867:70828384817739008470523 elapsed=2859.689s frac=8125/11224 level=11 fractions_tested=690000
HEARTBEAT run_id=3:13498407229129051694867:70828384817739008470523 elapsed=3160.998s frac=9995/13813 level=11 fractions_tested=700000
HEARTBEAT run_id=3:13498407229129051694867:70828384817739008470523 elapsed=3445.158s frac=15092/20869 level=11 fractions_tested=710000
HEARTBEAT run_id=3:13498407229129051694867:70828384817739008470523 elapsed=3684.926s frac=1983/2744 level=11 fractions_tested=720000
HEARTBEAT run_id=3:13498407229129051694867:70828384817739008470523 elapsed=3882.999s frac=7581/10511 level=11 fractions_tested=730000
HEARTBEAT run_id=3:13498407229129051694867:70828384817739008470523 elapsed=4163.102s frac=11210/15553 level=11 fractions_tested=740000
HEARTBEAT run_id=3:13498407229129051694867:70828384817739008470523 elapsed=4468.068s frac=9041/12550 level=11 fractions_tested=750000
HEARTBEAT run_id=3:13498407229129051694867:70828384817739008470523 elapsed=4680.766s frac=5133/7135 level=11 fractions_tested=760000
HEARTBEAT run_id=3:13498407229129051694867:70828384817739008470523 elapsed=4927.586s frac=1910/2657 level=11 fractions_tested=770000
HEARTBEAT run_id=3:13498407229129051694867:70828384817739008470523 elapsed=5119.712s frac=4487/6252 level=11 fractions_tested=780000
HEARTBEAT run_id=3:13498407229129051694867:70828384817739008470523 elapsed=5249.439s frac=2769/3893 level=11 fractions_tested=790000
HEARTBEAT run_id=3:13498407229129051694867:70828384817739008470523 elapsed=5480.872s frac=2608/3673 level=11 fractions_tested=800000
HEARTBEAT run_id=3:13498407229129051694867:70828384817739008470523 elapsed=5791.193s frac=3631/5120 level=11 fractions_tested=810000
HEARTBEAT run_id=3:13498407229129051694867:70828384817739008470523 elapsed=6081.939s frac=3861/5453 level=11 fractions_tested=820000
HEARTBEAT run_id=3:13498407229129051694867:70828384817739008470523 elapsed=6468.335s frac=11908/16829 level=11 fractions_tested=830000
HEARTBEAT run_id=3:13498407229129051694867:70828384817739008470523 elapsed=6872.061s frac=5679/8032 level=11 fractions_tested=840000
HEARTBEAT run_id=3:13498407229129051694867:70828384817739008470523 elapsed=7245.716s frac=4121/5833 level=11 fractions_tested=850000
HEARTBEAT run_id=3:13498407229129051694867:70828384817739008470523 elapsed=7556.944s frac=4332/6145 level=11 fractions_tested=860000
HEARTBEAT run_id=3:13498407229129051694867:70828384817739008470523 elapsed=7981.614s frac=9983/14172 level=11 fractions_tested=870000
HEARTBEAT run_id=3:13498407229129051694867:70828384817739008470523 elapsed=8484.985s frac=5359/7611 level=11 fractions_tested=880000
HEARTBEAT run_id=3:13498407229129051694867:70828384817739008470523 elapsed=8857.978s frac=9984/14197 level=11 fractions_tested=890000
HEARTBEAT run_id=3:13498407229129051694867:70828384817739008470523 elapsed=9336.667s frac=5741/8168 level=11 fractions_tested=900000
HEARTBEAT run_id=3:13498407229129051694867:70828384817739008470523 elapsed=9692.143s frac=7581/10799 level=11 fractions_tested=910000
HEARTBEAT run_id=3:13498407229129051694867:70828384817739008470523 elapsed=9928.356s frac=2808/4021 level=11 fractions_tested=920000
Exp id=3, s=13498407229129051694867, End time=2026-07-16 15:29:52, run time=2802.372s
Exp id=3, s=10965503507730550152677, Start time=2026-07-16 15:29:52
HEARTBEAT run_id=3:10965503507730550152677:57416726890008941316047 elapsed=1.345s frac=1583/1765 level=11 fractions_tested=10000
HEARTBEAT run_id=3:10965503507730550152677:57416726890008941316047 elapsed=2.660s frac=1732/1957 level=11 fractions_tested=20000
HEARTBEAT run_id=3:10965503507730550152677:57416726890008941316047 elapsed=4.010s frac=3733/4246 level=11 fractions_tested=30000
HEARTBEAT run_id=3:10965503507730550152677:57416726890008941316047 elapsed=5.260s frac=1795/2063 level=11 fractions_tested=40000
HEARTBEAT run_id=3:10965503507730550152677:57416726890008941316047 elapsed=6.558s frac=3592/4149 level=11 fractions_tested=50000
HEARTBEAT run_id=3:10965503507730550152677:57416726890008941316047 elapsed=7.823s frac=3923/4548 level=11 fractions_tested=60000
HEARTBEAT run_id=3:10965503507730550152677:57416726890008941316047 elapsed=9.060s frac=4181/4903 level=11 fractions_tested=70000
HEARTBEAT run_id=3:10965503507730550152677:57416726890008941316047 elapsed=10.383s frac=1772/2083 level=11 fractions_tested=80000
HEARTBEAT run_id=3:10965503507730550152677:57416726890008941316047 elapsed=11.619s frac=2517/2966 level=11 fractions_tested=90000
HEARTBEAT run_id=3:10965503507730550152677:57416726890008941316047 elapsed=12.848s frac=3727/4411 level=11 fractions_tested=100000
HEARTBEAT run_id=3:10965503507730550152677:57416726890008941316047 elapsed=14.183s frac=7354/8721 level=11 fractions_tested=110000
HEARTBEAT run_id=3:10965503507730550152677:57416726890008941316047 elapsed=15.534s frac=3889/4626 level=11 fractions_tested=120000
HEARTBEAT run_id=3:10965503507730550152677:57416726890008941316047 elapsed=16.819s frac=1719/2053 level=11 fractions_tested=130000
HEARTBEAT run_id=3:10965503507730550152677:57416726890008941316047 elapsed=18.026s frac=4192/5067 level=11 fractions_tested=140000
HEARTBEAT run_id=3:10965503507730550152677:57416726890008941316047 elapsed=19.248s frac=5011/6070 level=11 fractions_tested=150000
HEARTBEAT run_id=3:10965503507730550152677:57416726890008941316047 elapsed=20.656s frac=1663/2017 level=11 fractions_tested=160000
HEARTBEAT run_id=3:10965503507730550152677:57416726890008941316047 elapsed=21.919s frac=2700/3283 level=11 fractions_tested=170000
HEARTBEAT run_id=3:10965503507730550152677:57416726890008941316047 elapsed=23.202s frac=2547/3100 level=11 fractions_tested=180000
HEARTBEAT run_id=3:10965503507730550152677:57416726890008941316047 elapsed=24.526s frac=6353/7745 level=11 fractions_tested=190000
HEARTBEAT run_id=3:10965503507730550152677:57416726890008941316047 elapsed=25.856s frac=3608/4419 level=11 fractions_tested=200000
HEARTBEAT run_id=3:10965503507730550152677:57416726890008941316047 elapsed=27.178s frac=7119/8732 level=11 fractions_tested=210000
HEARTBEAT run_id=3:10965503507730550152677:57416726890008941316047 elapsed=28.489s frac=7279/8941 level=11 fractions_tested=220000
HEARTBEAT run_id=3:10965503507730550152677:57416726890008941316047 elapsed=29.775s frac=3672/4523 level=11 fractions_tested=230000
HEARTBEAT run_id=3:10965503507730550152677:57416726890008941316047 elapsed=30.924s frac=3631/4480 level=11 fractions_tested=240000
HEARTBEAT run_id=3:10965503507730550152677:57416726890008941316047 elapsed=32.200s frac=3435/4249 level=11 fractions_tested=250000
HEARTBEAT run_id=3:10965503507730550152677:57416726890008941316047 elapsed=33.522s frac=1696/2105 level=11 fractions_tested=260000
HEARTBEAT run_id=3:10965503507730550152677:57416726890008941316047 elapsed=34.790s frac=4081/5144 level=11 fractions_tested=270000
HEARTBEAT run_id=3:10965503507730550152677:57416726890008941316047 elapsed=36.000s frac=3897/4925 level=11 fractions_tested=280000
HEARTBEAT run_id=3:10965503507730550152677:57416726890008941316047 elapsed=37.329s frac=8074/10215 level=11 fractions_tested=290000
HEARTBEAT run_id=3:10965503507730550152677:57416726890008941316047 elapsed=38.488s frac=4773/6052 level=11 fractions_tested=300000
HEARTBEAT run_id=3:10965503507730550152677:57416726890008941316047 elapsed=39.836s frac=7349/9325 level=11 fractions_tested=310000
HEARTBEAT run_id=3:10965503507730550152677:57416726890008941316047 elapsed=41.177s frac=1468/1865 level=11 fractions_tested=320000
HEARTBEAT run_id=3:10965503507730550152677:57416726890008941316047 elapsed=42.502s frac=4729/6026 level=11 fractions_tested=330000
HEARTBEAT run_id=3:10965503507730550152677:57416726890008941316047 elapsed=43.670s frac=2629/3353 level=11 fractions_tested=340000
HEARTBEAT run_id=3:10965503507730550152677:57416726890008941316047 elapsed=44.937s frac=11342/14477 level=11 fractions_tested=350000
HEARTBEAT run_id=3:10965503507730550152677:57416726890008941316047 elapsed=46.268s frac=2369/3026 level=11 fractions_tested=360000
HEARTBEAT run_id=3:10965503507730550152677:57416726890008941316047 elapsed=47.524s frac=12663/16199 level=11 fractions_tested=370000
HEARTBEAT run_id=3:10965503507730550152677:57416726890008941316047 elapsed=48.826s frac=6048/7745 level=11 fractions_tested=380000
HEARTBEAT run_id=3:10965503507730550152677:57416726890008941316047 elapsed=50.220s frac=5161/6618 level=11 fractions_tested=390000
HEARTBEAT run_id=3:10965503507730550152677:57416726890008941316047 elapsed=51.467s frac=3235/4173 level=11 fractions_tested=400000
HEARTBEAT run_id=3:10965503507730550152677:57416726890008941316047 elapsed=52.716s frac=4422/5713 level=11 fractions_tested=410000
HEARTBEAT run_id=3:10965503507730550152677:57416726890008941316047 elapsed=54.078s frac=6769/8752 level=11 fractions_tested=420000
HEARTBEAT run_id=3:10965503507730550152677:57416726890008941316047 elapsed=55.511s frac=5057/6549 level=11 fractions_tested=430000
HEARTBEAT run_id=3:10965503507730550152677:57416726890008941316047 elapsed=56.814s frac=6614/8571 level=11 fractions_tested=440000
HEARTBEAT run_id=3:10965503507730550152677:57416726890008941316047 elapsed=58.083s frac=6667/8648 level=11 fractions_tested=450000
HEARTBEAT run_id=3:10965503507730550152677:57416726890008941316047 elapsed=59.441s frac=3421/4453 level=11 fractions_tested=460000
HEARTBEAT run_id=3:10965503507730550152677:57416726890008941316047 elapsed=60.708s frac=4650/6061 level=11 fractions_tested=470000
HEARTBEAT run_id=3:10965503507730550152677:57416726890008941316047 elapsed=61.972s frac=3149/4110 level=11 fractions_tested=480000
HEARTBEAT run_id=3:10965503507730550152677:57416726890008941316047 elapsed=63.408s frac=3177/4151 level=11 fractions_tested=490000
HEARTBEAT run_id=3:10965503507730550152677:57416726890008941316047 elapsed=64.690s frac=3236/4241 level=11 fractions_tested=500000
HEARTBEAT run_id=3:10965503507730550152677:57416726890008941316047 elapsed=66.070s frac=2865/3764 level=11 fractions_tested=510000
HEARTBEAT run_id=3:10965503507730550152677:57416726890008941316047 elapsed=67.401s frac=1523/2007 level=11 fractions_tested=520000
HEARTBEAT run_id=3:10965503507730550152677:57416726890008941316047 elapsed=81.991s frac=4374/5899 level=11 fractions_tested=530000
HEARTBEAT run_id=3:10965503507730550152677:57416726890008941316047 elapsed=127.056s frac=3671/4964 level=11 fractions_tested=540000
HEARTBEAT run_id=3:10965503507730550152677:57416726890008941316047 elapsed=196.178s frac=6093/8257 level=11 fractions_tested=550000
HEARTBEAT run_id=3:10965503507730550152677:57416726890008941316047 elapsed=272.887s frac=3296/4477 level=11 fractions_tested=560000
HEARTBEAT run_id=3:10965503507730550152677:57416726890008941316047 elapsed=376.819s frac=9111/12386 level=11 fractions_tested=570000
HEARTBEAT run_id=3:10965503507730550152677:57416726890008941316047 elapsed=487.653s frac=7277/9903 level=11 fractions_tested=580000
HEARTBEAT run_id=3:10965503507730550152677:57416726890008941316047 elapsed=581.575s frac=2362/3223 level=11 fractions_tested=590000
HEARTBEAT run_id=3:10965503507730550152677:57416726890008941316047 elapsed=713.521s frac=4095/5594 level=11 fractions_tested=600000
HEARTBEAT run_id=3:10965503507730550152677:57416726890008941316047 elapsed=881.163s frac=10015/13691 level=11 fractions_tested=610000
HEARTBEAT run_id=3:10965503507730550152677:57416726890008941316047 elapsed=1074.720s frac=6496/8885 level=11 fractions_tested=620000
HEARTBEAT run_id=3:10965503507730550152677:57416726890008941316047 elapsed=1227.456s frac=7625/10442 level=11 fractions_tested=630000
HEARTBEAT run_id=3:10965503507730550152677:57416726890008941316047 elapsed=1404.571s frac=1187/1627 level=11 fractions_tested=640000
HEARTBEAT run_id=3:10965503507730550152677:57416726890008941316047 elapsed=1569.402s frac=5924/8127 level=11 fractions_tested=650000
HEARTBEAT run_id=3:10965503507730550152677:57416726890008941316047 elapsed=1675.766s frac=4247/5852 level=11 fractions_tested=660000
HEARTBEAT run_id=3:10965503507730550152677:57416726890008941316047 elapsed=1879.814s frac=9193/12677 level=11 fractions_tested=670000
HEARTBEAT run_id=3:10965503507730550152677:57416726890008941316047 elapsed=2119.421s frac=2276/3141 level=11 fractions_tested=680000
HEARTBEAT run_id=3:10965503507730550152677:57416726890008941316047 elapsed=2339.274s frac=8125/11224 level=11 fractions_tested=690000
HEARTBEAT run_id=3:10965503507730550152677:57416726890008941316047 elapsed=2635.828s frac=9995/13813 level=11 fractions_tested=700000
HEARTBEAT run_id=3:10965503507730550152677:57416726890008941316047 elapsed=2917.635s frac=15092/20869 level=11 fractions_tested=710000
HEARTBEAT run_id=3:10965503507730550152677:57416726890008941316047 elapsed=3154.245s frac=1983/2744 level=11 fractions_tested=720000
HEARTBEAT run_id=3:10965503507730550152677:57416726890008941316047 elapsed=3358.620s frac=7581/10511 level=11 fractions_tested=730000
HEARTBEAT run_id=3:10965503507730550152677:57416726890008941316047 elapsed=3644.828s frac=11210/15553 level=11 fractions_tested=740000
HEARTBEAT run_id=3:10965503507730550152677:57416726890008941316047 elapsed=3964.405s frac=9041/12550 level=11 fractions_tested=750000
HEARTBEAT run_id=3:10965503507730550152677:57416726890008941316047 elapsed=4195.755s frac=5133/7135 level=11 fractions_tested=760000
HEARTBEAT run_id=3:10965503507730550152677:57416726890008941316047 elapsed=4456.674s frac=1910/2657 level=11 fractions_tested=770000
HEARTBEAT run_id=3:10965503507730550152677:57416726890008941316047 elapsed=4660.612s frac=4487/6252 level=11 fractions_tested=780000
HEARTBEAT run_id=3:10965503507730550152677:57416726890008941316047 elapsed=4794.980s frac=2769/3893 level=11 fractions_tested=790000
HEARTBEAT run_id=3:10965503507730550152677:57416726890008941316047 elapsed=5033.829s frac=2608/3673 level=11 fractions_tested=800000
HEARTBEAT run_id=3:10965503507730550152677:57416726890008941316047 elapsed=5341.982s frac=3631/5120 level=11 fractions_tested=810000
HEARTBEAT run_id=3:10965503507730550152677:57416726890008941316047 elapsed=5624.745s frac=3861/5453 level=11 fractions_tested=820000
HEARTBEAT run_id=3:10965503507730550152677:57416726890008941316047 elapsed=6014.980s frac=11908/16829 level=11 fractions_tested=830000
HEARTBEAT run_id=3:10965503507730550152677:57416726890008941316047 elapsed=6422.453s frac=5679/8032 level=11 fractions_tested=840000
HEARTBEAT run_id=3:10965503507730550152677:57416726890008941316047 elapsed=6798.703s frac=4121/5833 level=11 fractions_tested=850000
HEARTBEAT run_id=3:10965503507730550152677:57416726890008941316047 elapsed=7105.111s frac=4332/6145 level=11 fractions_tested=860000
HEARTBEAT run_id=3:10965503507730550152677:57416726890008941316047 elapsed=7543.015s frac=9983/14172 level=11 fractions_tested=870000
HEARTBEAT run_id=3:10965503507730550152677:57416726890008941316047 elapsed=8063.285s frac=5359/7611 level=11 fractions_tested=880000
HEARTBEAT run_id=3:10965503507730550152677:57416726890008941316047 elapsed=8429.105s frac=9984/14197 level=11 fractions_tested=890000
HEARTBEAT run_id=3:10965503507730550152677:57416726890008941316047 elapsed=8910.971s frac=5741/8168 level=11 fractions_tested=900000
HEARTBEAT run_id=3:10965503507730550152677:57416726890008941316047 elapsed=9276.648s frac=7581/10799 level=11 fractions_tested=910000
HEARTBEAT run_id=3:10965503507730550152677:57416726890008941316047 elapsed=9515.196s frac=2808/4021 level=11 fractions_tested=920000
HEARTBEAT run_id=3:10965503507730550152677:57416726890008941316047 elapsed=9850.654s frac=5647/8098 level=11 fractions_tested=930000
Exp id=3, s=10965503507730550152677, End time=2026-07-16 18:16:33, run time=10000.578s
Exp id=3, s=12250318991164798453373, Start time=2026-07-16 18:16:33
HEARTBEAT run_id=3:12250318991164798453373:81155532788507354162989 elapsed=1.364s frac=1583/1765 level=11 fractions_tested=10000
HEARTBEAT run_id=3:12250318991164798453373:81155532788507354162989 elapsed=2.430s frac=1732/1957 level=11 fractions_tested=20000
HEARTBEAT run_id=3:12250318991164798453373:81155532788507354162989 elapsed=3.600s frac=3733/4246 level=11 fractions_tested=30000
HEARTBEAT run_id=3:12250318991164798453373:81155532788507354162989 elapsed=4.684s frac=1795/2063 level=11 fractions_tested=40000
HEARTBEAT run_id=3:12250318991164798453373:81155532788507354162989 elapsed=5.914s frac=3592/4149 level=11 fractions_tested=50000
HEARTBEAT run_id=3:12250318991164798453373:81155532788507354162989 elapsed=7.147s frac=3923/4548 level=11 fractions_tested=60000
HEARTBEAT run_id=3:12250318991164798453373:81155532788507354162989 elapsed=8.341s frac=4181/4903 level=11 fractions_tested=70000
HEARTBEAT run_id=3:12250318991164798453373:81155532788507354162989 elapsed=9.446s frac=1772/2083 level=11 fractions_tested=80000
HEARTBEAT run_id=3:12250318991164798453373:81155532788507354162989 elapsed=10.697s frac=2517/2966 level=11 fractions_tested=90000
HEARTBEAT run_id=3:12250318991164798453373:81155532788507354162989 elapsed=11.949s frac=3727/4411 level=11 fractions_tested=100000
HEARTBEAT run_id=3:12250318991164798453373:81155532788507354162989 elapsed=13.181s frac=7354/8721 level=11 fractions_tested=110000
HEARTBEAT run_id=3:12250318991164798453373:81155532788507354162989 elapsed=14.434s frac=3889/4626 level=11 fractions_tested=120000
HEARTBEAT run_id=3:12250318991164798453373:81155532788507354162989 elapsed=15.674s frac=1719/2053 level=11 fractions_tested=130000
HEARTBEAT run_id=3:12250318991164798453373:81155532788507354162989 elapsed=16.883s frac=4192/5067 level=11 fractions_tested=140000
HEARTBEAT run_id=3:12250318991164798453373:81155532788507354162989 elapsed=18.039s frac=5011/6070 level=11 fractions_tested=150000
HEARTBEAT run_id=3:12250318991164798453373:81155532788507354162989 elapsed=19.231s frac=1663/2017 level=11 fractions_tested=160000
HEARTBEAT run_id=3:12250318991164798453373:81155532788507354162989 elapsed=20.450s frac=2700/3283 level=11 fractions_tested=170000
HEARTBEAT run_id=3:12250318991164798453373:81155532788507354162989 elapsed=21.562s frac=2547/3100 level=11 fractions_tested=180000
HEARTBEAT run_id=3:12250318991164798453373:81155532788507354162989 elapsed=22.910s frac=6353/7745 level=11 fractions_tested=190000
HEARTBEAT run_id=3:12250318991164798453373:81155532788507354162989 elapsed=24.007s frac=3608/4419 level=11 fractions_tested=200000
HEARTBEAT run_id=3:12250318991164798453373:81155532788507354162989 elapsed=25.176s frac=7119/8732 level=11 fractions_tested=210000
HEARTBEAT run_id=3:12250318991164798453373:81155532788507354162989 elapsed=26.359s frac=7279/8941 level=11 fractions_tested=220000
HEARTBEAT run_id=3:12250318991164798453373:81155532788507354162989 elapsed=27.532s frac=3672/4523 level=11 fractions_tested=230000
HEARTBEAT run_id=3:12250318991164798453373:81155532788507354162989 elapsed=28.741s frac=3631/4480 level=11 fractions_tested=240000
HEARTBEAT run_id=3:12250318991164798453373:81155532788507354162989 elapsed=29.861s frac=3435/4249 level=11 fractions_tested=250000
HEARTBEAT run_id=3:12250318991164798453373:81155532788507354162989 elapsed=31.095s frac=1696/2105 level=11 fractions_tested=260000
HEARTBEAT run_id=3:12250318991164798453373:81155532788507354162989 elapsed=32.221s frac=4081/5144 level=11 fractions_tested=270000
HEARTBEAT run_id=3:12250318991164798453373:81155532788507354162989 elapsed=33.275s frac=3897/4925 level=11 fractions_tested=280000
HEARTBEAT run_id=3:12250318991164798453373:81155532788507354162989 elapsed=34.432s frac=8074/10215 level=11 fractions_tested=290000
HEARTBEAT run_id=3:12250318991164798453373:81155532788507354162989 elapsed=35.509s frac=4773/6052 level=11 fractions_tested=300000
HEARTBEAT run_id=3:12250318991164798453373:81155532788507354162989 elapsed=36.680s frac=7349/9325 level=11 fractions_tested=310000
HEARTBEAT run_id=3:12250318991164798453373:81155532788507354162989 elapsed=37.778s frac=1468/1865 level=11 fractions_tested=320000
HEARTBEAT run_id=3:12250318991164798453373:81155532788507354162989 elapsed=38.987s frac=4729/6026 level=11 fractions_tested=330000
HEARTBEAT run_id=3:12250318991164798453373:81155532788507354162989 elapsed=40.188s frac=2629/3353 level=11 fractions_tested=340000
HEARTBEAT run_id=3:12250318991164798453373:81155532788507354162989 elapsed=41.275s frac=11342/14477 level=11 fractions_tested=350000
HEARTBEAT run_id=3:12250318991164798453373:81155532788507354162989 elapsed=42.341s frac=2369/3026 level=11 fractions_tested=360000
HEARTBEAT run_id=3:12250318991164798453373:81155532788507354162989 elapsed=43.493s frac=12663/16199 level=11 fractions_tested=370000
HEARTBEAT run_id=3:12250318991164798453373:81155532788507354162989 elapsed=44.578s frac=6048/7745 level=11 fractions_tested=380000
HEARTBEAT run_id=3:12250318991164798453373:81155532788507354162989 elapsed=45.668s frac=5161/6618 level=11 fractions_tested=390000
HEARTBEAT run_id=3:12250318991164798453373:81155532788507354162989 elapsed=46.797s frac=3235/4173 level=11 fractions_tested=400000
HEARTBEAT run_id=3:12250318991164798453373:81155532788507354162989 elapsed=47.941s frac=4422/5713 level=11 fractions_tested=410000
HEARTBEAT run_id=3:12250318991164798453373:81155532788507354162989 elapsed=49.050s frac=6769/8752 level=11 fractions_tested=420000
HEARTBEAT run_id=3:12250318991164798453373:81155532788507354162989 elapsed=50.116s frac=5057/6549 level=11 fractions_tested=430000
HEARTBEAT run_id=3:12250318991164798453373:81155532788507354162989 elapsed=51.315s frac=6614/8571 level=11 fractions_tested=440000
HEARTBEAT run_id=3:12250318991164798453373:81155532788507354162989 elapsed=52.440s frac=6667/8648 level=11 fractions_tested=450000
HEARTBEAT run_id=3:12250318991164798453373:81155532788507354162989 elapsed=53.542s frac=3421/4453 level=11 fractions_tested=460000
HEARTBEAT run_id=3:12250318991164798453373:81155532788507354162989 elapsed=54.764s frac=4650/6061 level=11 fractions_tested=470000
HEARTBEAT run_id=3:12250318991164798453373:81155532788507354162989 elapsed=56.007s frac=3149/4110 level=11 fractions_tested=480000
HEARTBEAT run_id=3:12250318991164798453373:81155532788507354162989 elapsed=57.115s frac=3177/4151 level=11 fractions_tested=490000
HEARTBEAT run_id=3:12250318991164798453373:81155532788507354162989 elapsed=58.332s frac=3236/4241 level=11 fractions_tested=500000
HEARTBEAT run_id=3:12250318991164798453373:81155532788507354162989 elapsed=59.399s frac=2865/3764 level=11 fractions_tested=510000
HEARTBEAT run_id=3:12250318991164798453373:81155532788507354162989 elapsed=60.523s frac=1523/2007 level=11 fractions_tested=520000
HEARTBEAT run_id=3:12250318991164798453373:81155532788507354162989 elapsed=72.779s frac=4374/5899 level=11 fractions_tested=530000
HEARTBEAT run_id=3:12250318991164798453373:81155532788507354162989 elapsed=114.731s frac=3671/4964 level=11 fractions_tested=540000
HEARTBEAT run_id=3:12250318991164798453373:81155532788507354162989 elapsed=177.891s frac=6093/8257 level=11 fractions_tested=550000
HEARTBEAT run_id=3:12250318991164798453373:81155532788507354162989 elapsed=249.591s frac=3296/4477 level=11 fractions_tested=560000
HEARTBEAT run_id=3:12250318991164798453373:81155532788507354162989 elapsed=361.658s frac=9111/12386 level=11 fractions_tested=570000
HEARTBEAT run_id=3:12250318991164798453373:81155532788507354162989 elapsed=476.591s frac=7277/9903 level=11 fractions_tested=580000
HEARTBEAT run_id=3:12250318991164798453373:81155532788507354162989 elapsed=569.126s frac=2362/3223 level=11 fractions_tested=590000
HEARTBEAT run_id=3:12250318991164798453373:81155532788507354162989 elapsed=695.919s frac=4095/5594 level=11 fractions_tested=600000
HEARTBEAT run_id=3:12250318991164798453373:81155532788507354162989 elapsed=864.698s frac=10015/13691 level=11 fractions_tested=610000
HEARTBEAT run_id=3:12250318991164798453373:81155532788507354162989 elapsed=1050.833s frac=6496/8885 level=11 fractions_tested=620000
HEARTBEAT run_id=3:12250318991164798453373:81155532788507354162989 elapsed=1207.031s frac=7625/10442 level=11 fractions_tested=630000
HEARTBEAT run_id=3:12250318991164798453373:81155532788507354162989 elapsed=1372.682s frac=1187/1627 level=11 fractions_tested=640000
HEARTBEAT run_id=3:12250318991164798453373:81155532788507354162989 elapsed=1535.486s frac=5924/8127 level=11 fractions_tested=650000
HEARTBEAT run_id=3:12250318991164798453373:81155532788507354162989 elapsed=1645.660s frac=4247/5852 level=11 fractions_tested=660000
HEARTBEAT run_id=3:12250318991164798453373:81155532788507354162989 elapsed=1843.878s frac=9193/12677 level=11 fractions_tested=670000
HEARTBEAT run_id=3:12250318991164798453373:81155532788507354162989 elapsed=2084.605s frac=2276/3141 level=11 fractions_tested=680000
HEARTBEAT run_id=3:12250318991164798453373:81155532788507354162989 elapsed=2295.204s frac=8125/11224 level=11 fractions_tested=690000
HEARTBEAT run_id=3:12250318991164798453373:81155532788507354162989 elapsed=2590.298s frac=9995/13813 level=11 fractions_tested=700000
HEARTBEAT run_id=3:12250318991164798453373:81155532788507354162989 elapsed=2867.146s frac=15092/20869 level=11 fractions_tested=710000
HEARTBEAT run_id=3:12250318991164798453373:81155532788507354162989 elapsed=3108.780s frac=1983/2744 level=11 fractions_tested=720000
HEARTBEAT run_id=3:12250318991164798453373:81155532788507354162989 elapsed=3303.803s frac=7581/10511 level=11 fractions_tested=730000
HEARTBEAT run_id=3:12250318991164798453373:81155532788507354162989 elapsed=3581.898s frac=11210/15553 level=11 fractions_tested=740000
HEARTBEAT run_id=3:12250318991164798453373:81155532788507354162989 elapsed=3884.051s frac=9041/12550 level=11 fractions_tested=750000
HEARTBEAT run_id=3:12250318991164798453373:81155532788507354162989 elapsed=4098.144s frac=5133/7135 level=11 fractions_tested=760000
HEARTBEAT run_id=3:12250318991164798453373:81155532788507354162989 elapsed=4354.302s frac=1910/2657 level=11 fractions_tested=770000
HEARTBEAT run_id=3:12250318991164798453373:81155532788507354162989 elapsed=4557.075s frac=4487/6252 level=11 fractions_tested=780000
HEARTBEAT run_id=3:12250318991164798453373:81155532788507354162989 elapsed=4687.030s frac=2769/3893 level=11 fractions_tested=790000
HEARTBEAT run_id=3:12250318991164798453373:81155532788507354162989 elapsed=4917.200s frac=2608/3673 level=11 fractions_tested=800000
HEARTBEAT run_id=3:12250318991164798453373:81155532788507354162989 elapsed=5225.380s frac=3631/5120 level=11 fractions_tested=810000
HEARTBEAT run_id=3:12250318991164798453373:81155532788507354162989 elapsed=5516.690s frac=3861/5453 level=11 fractions_tested=820000
HEARTBEAT run_id=3:12250318991164798453373:81155532788507354162989 elapsed=5898.820s frac=11908/16829 level=11 fractions_tested=830000
HEARTBEAT run_id=3:12250318991164798453373:81155532788507354162989 elapsed=6281.727s frac=5679/8032 level=11 fractions_tested=840000
HEARTBEAT run_id=3:12250318991164798453373:81155532788507354162989 elapsed=6648.772s frac=4121/5833 level=11 fractions_tested=850000
HEARTBEAT run_id=3:12250318991164798453373:81155532788507354162989 elapsed=6952.962s frac=4332/6145 level=11 fractions_tested=860000
HEARTBEAT run_id=3:12250318991164798453373:81155532788507354162989 elapsed=7379.975s frac=9983/14172 level=11 fractions_tested=870000
HEARTBEAT run_id=3:12250318991164798453373:81155532788507354162989 elapsed=7895.149s frac=5359/7611 level=11 fractions_tested=880000
HEARTBEAT run_id=3:12250318991164798453373:81155532788507354162989 elapsed=8265.888s frac=9984/14197 level=11 fractions_tested=890000
HEARTBEAT run_id=3:12250318991164798453373:81155532788507354162989 elapsed=8722.818s frac=5741/8168 level=11 fractions_tested=900000
HEARTBEAT run_id=3:12250318991164798453373:81155532788507354162989 elapsed=9076.100s frac=7581/10799 level=11 fractions_tested=910000
HEARTBEAT run_id=3:12250318991164798453373:81155532788507354162989 elapsed=9309.698s frac=2808/4021 level=11 fractions_tested=920000
HEARTBEAT run_id=3:12250318991164798453373:81155532788507354162989 elapsed=9645.729s frac=5647/8098 level=11 fractions_tested=930000
Exp id=3, s=12250318991164798453373, End time=2026-07-16 21:03:17, run time=10003.713s
Exp id=3, s=10722665293659647743099, Start time=2026-07-16 21:03:17
HEARTBEAT run_id=3:10722665293659647743099:81770894146839424944881 elapsed=1.355s frac=1583/1765 level=11 fractions_tested=10000
HEARTBEAT run_id=3:10722665293659647743099:81770894146839424944881 elapsed=2.702s frac=1732/1957 level=11 fractions_tested=20000
HEARTBEAT run_id=3:10722665293659647743099:81770894146839424944881 elapsed=3.969s frac=3733/4246 level=11 fractions_tested=30000
HEARTBEAT run_id=3:10722665293659647743099:81770894146839424944881 elapsed=5.113s frac=1795/2063 level=11 fractions_tested=40000
HEARTBEAT run_id=3:10722665293659647743099:81770894146839424944881 elapsed=6.463s frac=3592/4149 level=11 fractions_tested=50000
HEARTBEAT run_id=3:10722665293659647743099:81770894146839424944881 elapsed=7.797s frac=3923/4548 level=11 fractions_tested=60000
HEARTBEAT run_id=3:10722665293659647743099:81770894146839424944881 elapsed=9.134s frac=4181/4903 level=11 fractions_tested=70000
HEARTBEAT run_id=3:10722665293659647743099:81770894146839424944881 elapsed=10.380s frac=1772/2083 level=11 fractions_tested=80000
HEARTBEAT run_id=3:10722665293659647743099:81770894146839424944881 elapsed=11.467s frac=2517/2966 level=11 fractions_tested=90000
HEARTBEAT run_id=3:10722665293659647743099:81770894146839424944881 elapsed=12.659s frac=3727/4411 level=11 fractions_tested=100000
HEARTBEAT run_id=3:10722665293659647743099:81770894146839424944881 elapsed=13.718s frac=7354/8721 level=11 fractions_tested=110000
HEARTBEAT run_id=3:10722665293659647743099:81770894146839424944881 elapsed=14.790s frac=3889/4626 level=11 fractions_tested=120000
HEARTBEAT run_id=3:10722665293659647743099:81770894146839424944881 elapsed=15.882s frac=1719/2053 level=11 fractions_tested=130000
HEARTBEAT run_id=3:10722665293659647743099:81770894146839424944881 elapsed=17.237s frac=4192/5067 level=11 fractions_tested=140000
HEARTBEAT run_id=3:10722665293659647743099:81770894146839424944881 elapsed=18.518s frac=5011/6070 level=11 fractions_tested=150000
HEARTBEAT run_id=3:10722665293659647743099:81770894146839424944881 elapsed=19.678s frac=1663/2017 level=11 fractions_tested=160000
HEARTBEAT run_id=3:10722665293659647743099:81770894146839424944881 elapsed=20.767s frac=2700/3283 level=11 fractions_tested=170000
HEARTBEAT run_id=3:10722665293659647743099:81770894146839424944881 elapsed=21.913s frac=2547/3100 level=11 fractions_tested=180000
HEARTBEAT run_id=3:10722665293659647743099:81770894146839424944881 elapsed=23.059s frac=6353/7745 level=11 fractions_tested=190000
HEARTBEAT run_id=3:10722665293659647743099:81770894146839424944881 elapsed=24.129s frac=3608/4419 level=11 fractions_tested=200000
HEARTBEAT run_id=3:10722665293659647743099:81770894146839424944881 elapsed=25.208s frac=7119/8732 level=11 fractions_tested=210000
HEARTBEAT run_id=3:10722665293659647743099:81770894146839424944881 elapsed=26.348s frac=7279/8941 level=11 fractions_tested=220000
HEARTBEAT run_id=3:10722665293659647743099:81770894146839424944881 elapsed=27.579s frac=3672/4523 level=11 fractions_tested=230000
HEARTBEAT run_id=3:10722665293659647743099:81770894146839424944881 elapsed=29.017s frac=3631/4480 level=11 fractions_tested=240000
HEARTBEAT run_id=3:10722665293659647743099:81770894146839424944881 elapsed=30.376s frac=3435/4249 level=11 fractions_tested=250000
HEARTBEAT run_id=3:10722665293659647743099:81770894146839424944881 elapsed=31.711s frac=1696/2105 level=11 fractions_tested=260000
HEARTBEAT run_id=3:10722665293659647743099:81770894146839424944881 elapsed=33.029s frac=4081/5144 level=11 fractions_tested=270000
HEARTBEAT run_id=3:10722665293659647743099:81770894146839424944881 elapsed=34.362s frac=3897/4925 level=11 fractions_tested=280000
HEARTBEAT run_id=3:10722665293659647743099:81770894146839424944881 elapsed=35.708s frac=8074/10215 level=11 fractions_tested=290000
HEARTBEAT run_id=3:10722665293659647743099:81770894146839424944881 elapsed=37.081s frac=4773/6052 level=11 fractions_tested=300000
HEARTBEAT run_id=3:10722665293659647743099:81770894146839424944881 elapsed=38.401s frac=7349/9325 level=11 fractions_tested=310000
HEARTBEAT run_id=3:10722665293659647743099:81770894146839424944881 elapsed=39.925s frac=1468/1865 level=11 fractions_tested=320000
HEARTBEAT run_id=3:10722665293659647743099:81770894146839424944881 elapsed=41.203s frac=4729/6026 level=11 fractions_tested=330000
HEARTBEAT run_id=3:10722665293659647743099:81770894146839424944881 elapsed=42.470s frac=2629/3353 level=11 fractions_tested=340000
HEARTBEAT run_id=3:10722665293659647743099:81770894146839424944881 elapsed=43.777s frac=11342/14477 level=11 fractions_tested=350000
HEARTBEAT run_id=3:10722665293659647743099:81770894146839424944881 elapsed=44.978s frac=2369/3026 level=11 fractions_tested=360000
HEARTBEAT run_id=3:10722665293659647743099:81770894146839424944881 elapsed=46.344s frac=12663/16199 level=11 fractions_tested=370000
HEARTBEAT run_id=3:10722665293659647743099:81770894146839424944881 elapsed=47.621s frac=6048/7745 level=11 fractions_tested=380000
HEARTBEAT run_id=3:10722665293659647743099:81770894146839424944881 elapsed=48.852s frac=5161/6618 level=11 fractions_tested=390000
HEARTBEAT run_id=3:10722665293659647743099:81770894146839424944881 elapsed=50.275s frac=3235/4173 level=11 fractions_tested=400000
HEARTBEAT run_id=3:10722665293659647743099:81770894146839424944881 elapsed=51.555s frac=4422/5713 level=11 fractions_tested=410000
HEARTBEAT run_id=3:10722665293659647743099:81770894146839424944881 elapsed=52.827s frac=6769/8752 level=11 fractions_tested=420000
HEARTBEAT run_id=3:10722665293659647743099:81770894146839424944881 elapsed=54.160s frac=5057/6549 level=11 fractions_tested=430000
HEARTBEAT run_id=3:10722665293659647743099:81770894146839424944881 elapsed=55.368s frac=6614/8571 level=11 fractions_tested=440000
HEARTBEAT run_id=3:10722665293659647743099:81770894146839424944881 elapsed=56.554s frac=6667/8648 level=11 fractions_tested=450000
HEARTBEAT run_id=3:10722665293659647743099:81770894146839424944881 elapsed=57.782s frac=3421/4453 level=11 fractions_tested=460000
HEARTBEAT run_id=3:10722665293659647743099:81770894146839424944881 elapsed=59.037s frac=4650/6061 level=11 fractions_tested=470000
HEARTBEAT run_id=3:10722665293659647743099:81770894146839424944881 elapsed=60.337s frac=3149/4110 level=11 fractions_tested=480000
HEARTBEAT run_id=3:10722665293659647743099:81770894146839424944881 elapsed=61.701s frac=3177/4151 level=11 fractions_tested=490000
HEARTBEAT run_id=3:10722665293659647743099:81770894146839424944881 elapsed=63.022s frac=3236/4241 level=11 fractions_tested=500000
HEARTBEAT run_id=3:10722665293659647743099:81770894146839424944881 elapsed=64.322s frac=2865/3764 level=11 fractions_tested=510000
HEARTBEAT run_id=3:10722665293659647743099:81770894146839424944881 elapsed=65.620s frac=1523/2007 level=11 fractions_tested=520000
HEARTBEAT run_id=3:10722665293659647743099:81770894146839424944881 elapsed=78.586s frac=4374/5899 level=11 fractions_tested=530000
HEARTBEAT run_id=3:10722665293659647743099:81770894146839424944881 elapsed=131.567s frac=3671/4964 level=11 fractions_tested=540000
HEARTBEAT run_id=3:10722665293659647743099:81770894146839424944881 elapsed=200.586s frac=6093/8257 level=11 fractions_tested=550000
HEARTBEAT run_id=3:10722665293659647743099:81770894146839424944881 elapsed=272.780s frac=3296/4477 level=11 fractions_tested=560000
HEARTBEAT run_id=3:10722665293659647743099:81770894146839424944881 elapsed=393.562s frac=9111/12386 level=11 fractions_tested=570000
HEARTBEAT run_id=3:10722665293659647743099:81770894146839424944881 elapsed=516.414s frac=7277/9903 level=11 fractions_tested=580000
HEARTBEAT run_id=3:10722665293659647743099:81770894146839424944881 elapsed=616.262s frac=2362/3223 level=11 fractions_tested=590000
HEARTBEAT run_id=3:10722665293659647743099:81770894146839424944881 elapsed=738.122s frac=4095/5594 level=11 fractions_tested=600000
HEARTBEAT run_id=3:10722665293659647743099:81770894146839424944881 elapsed=904.575s frac=10015/13691 level=11 fractions_tested=610000
HEARTBEAT run_id=3:10722665293659647743099:81770894146839424944881 elapsed=1085.829s frac=6496/8885 level=11 fractions_tested=620000
HEARTBEAT run_id=3:10722665293659647743099:81770894146839424944881 elapsed=1241.488s frac=7625/10442 level=11 fractions_tested=630000
HEARTBEAT run_id=3:10722665293659647743099:81770894146839424944881 elapsed=1425.067s frac=1187/1627 level=11 fractions_tested=640000
HEARTBEAT run_id=3:10722665293659647743099:81770894146839424944881 elapsed=1595.472s frac=5924/8127 level=11 fractions_tested=650000
HEARTBEAT run_id=3:10722665293659647743099:81770894146839424944881 elapsed=1705.587s frac=4247/5852 level=11 fractions_tested=660000
HEARTBEAT run_id=3:10722665293659647743099:81770894146839424944881 elapsed=1914.781s frac=9193/12677 level=11 fractions_tested=670000
HEARTBEAT run_id=3:10722665293659647743099:81770894146839424944881 elapsed=2159.555s frac=2276/3141 level=11 fractions_tested=680000
HEARTBEAT run_id=3:10722665293659647743099:81770894146839424944881 elapsed=2393.683s frac=8125/11224 level=11 fractions_tested=690000
HEARTBEAT run_id=3:10722665293659647743099:81770894146839424944881 elapsed=2697.712s frac=9995/13813 level=11 fractions_tested=700000
HEARTBEAT run_id=3:10722665293659647743099:81770894146839424944881 elapsed=2988.912s frac=15092/20869 level=11 fractions_tested=710000
HEARTBEAT run_id=3:10722665293659647743099:81770894146839424944881 elapsed=3224.991s frac=1983/2744 level=11 fractions_tested=720000
HEARTBEAT run_id=3:10722665293659647743099:81770894146839424944881 elapsed=3436.640s frac=7581/10511 level=11 fractions_tested=730000
HEARTBEAT run_id=3:10722665293659647743099:81770894146839424944881 elapsed=3719.247s frac=11210/15553 level=11 fractions_tested=740000
HEARTBEAT run_id=3:10722665293659647743099:81770894146839424944881 elapsed=4031.570s frac=9041/12550 level=11 fractions_tested=750000
HEARTBEAT run_id=3:10722665293659647743099:81770894146839424944881 elapsed=4255.718s frac=5133/7135 level=11 fractions_tested=760000
HEARTBEAT run_id=3:10722665293659647743099:81770894146839424944881 elapsed=4512.697s frac=1910/2657 level=11 fractions_tested=770000
HEARTBEAT run_id=3:10722665293659647743099:81770894146839424944881 elapsed=4728.235s frac=4487/6252 level=11 fractions_tested=780000
HEARTBEAT run_id=3:10722665293659647743099:81770894146839424944881 elapsed=4855.807s frac=2769/3893 level=11 fractions_tested=790000
HEARTBEAT run_id=3:10722665293659647743099:81770894146839424944881 elapsed=5080.755s frac=2608/3673 level=11 fractions_tested=800000
HEARTBEAT run_id=3:10722665293659647743099:81770894146839424944881 elapsed=5381.674s frac=3631/5120 level=11 fractions_tested=810000
HEARTBEAT run_id=3:10722665293659647743099:81770894146839424944881 elapsed=5669.582s frac=3861/5453 level=11 fractions_tested=820000
HEARTBEAT run_id=3:10722665293659647743099:81770894146839424944881 elapsed=6057.932s frac=11908/16829 level=11 fractions_tested=830000
HEARTBEAT run_id=3:10722665293659647743099:81770894146839424944881 elapsed=6451.353s frac=5679/8032 level=11 fractions_tested=840000
HEARTBEAT run_id=3:10722665293659647743099:81770894146839424944881 elapsed=6828.922s frac=4121/5833 level=11 fractions_tested=850000
HEARTBEAT run_id=3:10722665293659647743099:81770894146839424944881 elapsed=7131.616s frac=4332/6145 level=11 fractions_tested=860000
HEARTBEAT run_id=3:10722665293659647743099:81770894146839424944881 elapsed=7561.131s frac=9983/14172 level=11 fractions_tested=870000
HEARTBEAT run_id=3:10722665293659647743099:81770894146839424944881 elapsed=8072.777s frac=5359/7611 level=11 fractions_tested=880000
HEARTBEAT run_id=3:10722665293659647743099:81770894146839424944881 elapsed=8435.922s frac=9984/14197 level=11 fractions_tested=890000
HEARTBEAT run_id=3:10722665293659647743099:81770894146839424944881 elapsed=8892.013s frac=5741/8168 level=11 fractions_tested=900000
HEARTBEAT run_id=3:10722665293659647743099:81770894146839424944881 elapsed=9239.548s frac=7581/10799 level=11 fractions_tested=910000
HEARTBEAT run_id=3:10722665293659647743099:81770894146839424944881 elapsed=9477.613s frac=2808/4021 level=11 fractions_tested=920000
HEARTBEAT run_id=3:10722665293659647743099:81770894146839424944881 elapsed=9804.978s frac=5647/8098 level=11 fractions_tested=930000
Exp id=3, s=10722665293659647743099, End time=2026-07-16 23:50:00, run time=10002.782s
Completed 45 digits, depth 11, 10000 seconds (recovered original settings) at 2026-07-16T21:50:00+00:00
Checksums: /home/netnick/kubuntu_rerun/output/run_45_depth11_20260716T095629Z_pid3438/_run_logs/SHA256SUMS_20260716T095629Z.txt
Master log: /home/netnick/kubuntu_rerun/output/run_45_depth11_20260716T095629Z_pid3438/_run_logs/run.log
Results preserved in: /home/netnick/kubuntu_rerun/output/run_45_depth11_20260716T095629Z_pid3438
